app/build/intermediates/manifest_merge_blame_file/debug/manifest-merger-blame-debug-report.txt
1<?xml version="1.0" encoding="utf-8"?>
2<manifest xmlns:android="http://schemas.android.com/apk/res/android"
3    package="br.com.alura.aluvery"
4    android:versionCode="1"
5    android:versionName="1.0" >
6
7    <uses-sdk
8        android:minSdkVersion="21"
8-->src\main\AndroidManifest.xml
9        android:targetSdkVersion="32" />
9-->src\main\AndroidManifest.xml
10
11    <uses-permission android:name="android.permission.INTERNET" />
11-->src\main\AndroidManifest.xml:6:5-66
11-->src\main\AndroidManifest.xml:6:22-64
12
13    <application
13-->src\main\AndroidManifest.xml:8:5-29:19
14        android:allowBackup="true"
14-->src\main\AndroidManifest.xml:9:9-35
15        android:appComponentFactory="androidx.core.app.CoreComponentFactory"
15-->[androidx.core:core:1.8.0] AndroidManifest.xml:24:18-86
16        android:dataExtractionRules="@xml/data_extraction_rules"
16-->src\main\AndroidManifest.xml:10:9-65
17        android:debuggable="true"
18        android:fullBackupContent="@xml/backup_rules"
18-->src\main\AndroidManifest.xml:11:9-54
19        android:icon="@mipmap/ic_launcher"
19-->src\main\AndroidManifest.xml:12:9-43
20        android:label="@string/app_name"
20-->src\main\AndroidManifest.xml:13:9-41
21        android:roundIcon="@mipmap/ic_launcher_round"
21-->src\main\AndroidManifest.xml:14:9-54
22        android:supportsRtl="true"
22-->src\main\AndroidManifest.xml:15:9-35
23        android:testOnly="true"
24        android:theme="@style/Theme.Aluvery" >
24-->src\main\AndroidManifest.xml:16:9-45
25        <activity
25-->src\main\AndroidManifest.xml:18:9-28:20
26            android:name="br.com.alura.aluvery.MainActivity"
26-->src\main\AndroidManifest.xml:19:13-41
27            android:exported="true"
27-->src\main\AndroidManifest.xml:20:13-36
28            android:label="@string/app_name"
28-->src\main\AndroidManifest.xml:21:13-45
29            android:theme="@style/Theme.Aluvery" >
29-->src\main\AndroidManifest.xml:22:13-49
30            <intent-filter>
30-->src\main\AndroidManifest.xml:23:13-27:29
31                <action android:name="android.intent.action.MAIN" />
31-->src\main\AndroidManifest.xml:24:17-69
31-->src\main\AndroidManifest.xml:24:25-66
32
33                <category android:name="android.intent.category.LAUNCHER" />
33-->src\main\AndroidManifest.xml:26:17-77
33-->src\main\AndroidManifest.xml:26:27-74
34            </intent-filter>
35        </activity>
36        <activity
36-->[androidx.compose.ui:ui-tooling:1.2.1] AndroidManifest.xml:24:9-26:39
37            android:name="androidx.compose.ui.tooling.PreviewActivity"
37-->[androidx.compose.ui:ui-tooling:1.2.1] AndroidManifest.xml:25:13-71
38            android:exported="true" />
38-->[androidx.compose.ui:ui-tooling:1.2.1] AndroidManifest.xml:26:13-36
39        <activity
39-->[androidx.compose.ui:ui-test-manifest:1.2.1] AndroidManifest.xml:24:9-26:39
40            android:name="androidx.activity.ComponentActivity"
40-->[androidx.compose.ui:ui-test-manifest:1.2.1] AndroidManifest.xml:25:13-63
41            android:exported="true" />
41-->[androidx.compose.ui:ui-test-manifest:1.2.1] AndroidManifest.xml:26:13-36
42
43        <provider
43-->[androidx.profileinstaller:profileinstaller:1.2.0] AndroidManifest.xml:25:9-33:20
44            android:name="androidx.startup.InitializationProvider"
44-->[androidx.profileinstaller:profileinstaller:1.2.0] AndroidManifest.xml:26:13-67
45            android:authorities="br.com.alura.aluvery.androidx-startup"
45-->[androidx.profileinstaller:profileinstaller:1.2.0] AndroidManifest.xml:27:13-68
46            android:exported="false" >
46-->[androidx.profileinstaller:profileinstaller:1.2.0] AndroidManifest.xml:28:13-37
47            <meta-data
47-->[androidx.profileinstaller:profileinstaller:1.2.0] AndroidManifest.xml:30:13-32:52
48                android:name="androidx.profileinstaller.ProfileInstallerInitializer"
48-->[androidx.profileinstaller:profileinstaller:1.2.0] AndroidManifest.xml:31:17-85
49                android:value="androidx.startup" />
49-->[androidx.profileinstaller:profileinstaller:1.2.0] AndroidManifest.xml:32:17-49
50        </provider>
51
52        <receiver
52-->[androidx.profileinstaller:profileinstaller:1.2.0] AndroidManifest.xml:35:9-47:20
53            android:name="androidx.profileinstaller.ProfileInstallReceiver"
53-->[androidx.profileinstaller:profileinstaller:1.2.0] AndroidManifest.xml:36:13-76
54            android:directBootAware="false"
54-->[androidx.profileinstaller:profileinstaller:1.2.0] AndroidManifest.xml:37:13-44
55            android:enabled="true"
55-->[androidx.profileinstaller:profileinstaller:1.2.0] AndroidManifest.xml:38:13-35
56            android:exported="true"
56-->[androidx.profileinstaller:profileinstaller:1.2.0] AndroidManifest.xml:39:13-36
57            android:permission="android.permission.DUMP" >
57-->[androidx.profileinstaller:profileinstaller:1.2.0] AndroidManifest.xml:40:13-57
58            <intent-filter>
58-->[androidx.profileinstaller:profileinstaller:1.2.0] AndroidManifest.xml:41:13-43:29
59                <action android:name="androidx.profileinstaller.action.INSTALL_PROFILE" />
59-->[androidx.profileinstaller:profileinstaller:1.2.0] AndroidManifest.xml:42:17-91
59-->[androidx.profileinstaller:profileinstaller:1.2.0] AndroidManifest.xml:42:25-88
60            </intent-filter>
61            <intent-filter>
61-->[androidx.profileinstaller:profileinstaller:1.2.0] AndroidManifest.xml:44:13-46:29
62                <action android:name="androidx.profileinstaller.action.SKIP_FILE" />
62-->[androidx.profileinstaller:profileinstaller:1.2.0] AndroidManifest.xml:45:17-85
62-->[androidx.profileinstaller:profileinstaller:1.2.0] AndroidManifest.xml:45:25-82
63            </intent-filter>
64        </receiver>
65    </application>
66
67</manifest>